[handleMsg]:  {
  key: {
    remoteJid: '5216681163510@s.whatsapp.net',
    fromMe: false,
    id: '3FF6D930E6F886968BCE',
    participant: undefined
  },
  messageTimestamp: 1728576138,
  pushName: 'Erick',
  broadcast: false,
  message: Message {
    extendedTextMessage: ExtendedTextMessage { text: 'Hola', contextInfo: [ContextInfo] },
    messageContextInfo: MessageContextInfo {
      deviceListMetadata: [DeviceListMetadata],
      deviceListMetadataVersion: 2
    }
  },
  body: 'Hola',
  from: '5216681163510'
}
[QUEUE_SE_ENVIO]:  {
  ref: 'ans_abebe22f-6532-4039-8b4f-80fda257ed49',
  keyword: 'key_a0906de0-afc0-4757-bbed-5ea270f0045d',
  answer: '🙌 Hola bienvenido a este *Chatbot*',
  options: {
    media: null,
    buttons: [],
    capture: false,
    child: null,
    delay: 0,
    idle: null,
    ref: null,
    nested: [],
    keyword: {},
    callback: false
  },
  refSerialize: '902a3ee68a4760db0a82dfabbcb5d93c'
}
[QUEUE_SE_ENVIO]:  {
  ref: 'ans_2b73f815-cb8e-4ca8-96c2-78381382c052',
  keyword: 'ans_abebe22f-6532-4039-8b4f-80fda257ed49',
  answer: 'te comparto los siguientes links de interes sobre el proyecto\n' +
    '👉 *doc* para ver la documentación\n' +
    '👉 *gracias*  para ver la lista de videos\n' +
    '👉 *discord* unirte al discord',
  options: {
    media: null,
    buttons: [],
    capture: false,
    child: null,
    delay: 0,
    idle: null,
    ref: null,
    nested: [
      [Object], [Object],
      [Object], [Object],
      [Object], [Object],
      [Object], [Object]
    ],
    keyword: {},
    callback: false
  },
  refSerialize: 'ad03dc21f326c28234a713f89c7caf28'
}
