5216681163510:ENCOLADO ans_2ce67fb0-e615-43fa-acb3-6775d75dcf16
EJECUTANDO:ans_2ce67fb0-e615-43fa-acb3-6775d75dcf16
5216681163510:SUCCESS
5216681163510:ENCOLADO ans_8fe36e46-5e9d-4f85-87a9-b615439277a8
EJECUTANDO:ans_8fe36e46-5e9d-4f85-87a9-b615439277a8
5216681163510:SUCCESS
5216681163510:ENCOLADO ans_c63d7304-8327-4e98-b0d6-4bfcde6136e4
EJECUTANDO:ans_c63d7304-8327-4e98-b0d6-4bfcde6136e4
5216681163510:SUCCESS
5216681163510:ENCOLADO ans_11d44bc8-8aaa-4551-b655-853e0e881803
EJECUTANDO:ans_11d44bc8-8aaa-4551-b655-853e0e881803
5216681163510:SUCCESS
5216681163510:ENCOLADO ans_5dcd938f-ed51-4a12-bdce-97216a4530a3
EJECUTANDO:ans_5dcd938f-ed51-4a12-bdce-97216a4530a3
5216681163510:SUCCESS
5216681163510:ENCOLADO ans_2ce67fb0-e615-43fa-acb3-6775d75dcf16
EJECUTANDO:ans_2ce67fb0-e615-43fa-acb3-6775d75dcf16
5216681163510:SUCCESS
5216681163510:ENCOLADO ans_8fe36e46-5e9d-4f85-87a9-b615439277a8
EJECUTANDO:ans_8fe36e46-5e9d-4f85-87a9-b615439277a8
5216681163510:SUCCESS
5216681163510:ENCOLADO ans_c63d7304-8327-4e98-b0d6-4bfcde6136e4
EJECUTANDO:ans_c63d7304-8327-4e98-b0d6-4bfcde6136e4
5216681163510:SUCCESS
5216681163510:ENCOLADO ans_11d44bc8-8aaa-4551-b655-853e0e881803
EJECUTANDO:ans_11d44bc8-8aaa-4551-b655-853e0e881803
5216681163510:SUCCESS
5216681163510:ENCOLADO ans_5dcd938f-ed51-4a12-bdce-97216a4530a3
EJECUTANDO:ans_5dcd938f-ed51-4a12-bdce-97216a4530a3
5216681163510:SUCCESS
